{"timestamp": "2024-10-23T16:33:14.160069", "level": "INFO", "module": "Best", "function": "log_with_context", "line": 104, "message": "Initializing PDF processor"}
{"timestamp": "2024-10-23T16:33:14.449605", "level": "INFO", "module": "Best", "function": "log_with_context", "line": 104, "message": "Initializing MongoDB connection", "db_name": "Proj", "collection": "Proj2"}
{"timestamp": "2024-10-23T16:33:17.726213", "level": "INFO", "module": "Best", "function": "log_with_context", "line": 104, "message": "MongoDB connection successful"}
{"timestamp": "2024-10-23T16:33:17.726429", "level": "INFO", "module": "Best", "function": "log_with_context", "line": 104, "message": "Starting batch processing", "folder_path": "path_to_pdf_folder", "max_workers": 4}
{"timestamp": "2024-10-23T16:33:59.486765", "level": "INFO", "module": "Best", "function": "log_with_context", "line": 104, "message": "Initializing PDF processor"}
{"timestamp": "2024-10-23T16:33:59.766977", "level": "INFO", "module": "Best", "function": "log_with_context", "line": 104, "message": "Initializing MongoDB connection", "db_name": "Proj", "collection": "Proj2"}
{"timestamp": "2024-10-23T16:34:05.466556", "level": "INFO", "module": "Best", "function": "log_with_context", "line": 104, "message": "MongoDB connection successful"}
{"timestamp": "2024-10-23T16:34:05.466757", "level": "INFO", "module": "Best", "function": "log_with_context", "line": 104, "message": "Starting batch processing", "folder_path": "pdfs", "max_workers": 4}
{"timestamp": "2024-10-23T16:34:05.466908", "level": "INFO", "module": "Best", "function": "log_with_context", "line": 104, "message": "Found PDF files", "file_count": 17}
{"timestamp": "2024-10-23T16:34:05.467851", "level": "INFO", "module": "Best", "function": "log_with_context", "line": 104, "message": "Starting to process PDF", "file_path": "pdfs/pdf13.pdf"}
{"timestamp": "2024-10-23T16:34:05.467951", "level": "INFO", "module": "Best", "function": "log_with_context", "line": 104, "message": "Starting to process PDF", "file_path": "pdfs/pdf14.pdf"}
{"timestamp": "2024-10-23T16:34:05.468006", "level": "INFO", "module": "Best", "function": "log_with_context", "line": 104, "message": "Starting to process PDF", "file_path": "pdfs/pdf10.pdf"}
{"timestamp": "2024-10-23T16:34:05.468050", "level": "INFO", "module": "Best", "function": "log_with_context", "line": 104, "message": "Starting to process PDF", "file_path": "pdfs/pdf6.pdf"}
{"timestamp": "2024-10-23T16:34:05.468301", "level": "ERROR", "module": "Best", "function": "log_with_context", "line": 104, "message": "PDF processing failed", "file_path": "pdfs/pdf13.pdf", "error": "'PDFProcessor' object has no attribute '_extract_text_and_metadata'"}
{"timestamp": "2024-10-23T16:34:05.468542", "level": "ERROR", "module": "Best", "function": "log_with_context", "line": 104, "message": "PDF processing failed", "file_path": "pdfs/pdf14.pdf", "error": "'PDFProcessor' object has no attribute '_extract_text_and_metadata'"}
{"timestamp": "2024-10-23T16:34:05.468742", "level": "ERROR", "module": "Best", "function": "log_with_context", "line": 104, "message": "PDF processing failed", "file_path": "pdfs/pdf10.pdf", "error": "'PDFProcessor' object has no attribute '_extract_text_and_metadata'"}
{"timestamp": "2024-10-23T16:34:05.468976", "level": "ERROR", "module": "Best", "function": "log_with_context", "line": 104, "message": "PDF processing failed", "file_path": "pdfs/pdf6.pdf", "error": "'PDFProcessor' object has no attribute '_extract_text_and_metadata'"}
{"timestamp": "2024-10-23T16:34:05.469463", "level": "INFO", "module": "Best", "function": "log_with_context", "line": 104, "message": "Starting to process PDF", "file_path": "pdfs/pdf7.pdf"}
{"timestamp": "2024-10-23T16:34:05.469673", "level": "INFO", "module": "Best", "function": "log_with_context", "line": 104, "message": "Starting to process PDF", "file_path": "pdfs/pdf5.pdf"}
{"timestamp": "2024-10-23T16:34:05.469748", "level": "INFO", "module": "Best", "function": "log_with_context", "line": 104, "message": "Starting to process PDF", "file_path": "pdfs/pdf3.pdf"}
{"timestamp": "2024-10-23T16:34:05.470107", "level": "INFO", "module": "Best", "function": "log_with_context", "line": 104, "message": "Starting to process PDF", "file_path": "pdfs/pdf11.pdf"}
{"timestamp": "2024-10-23T16:34:05.470147", "level": "ERROR", "module": "Best", "function": "log_with_context", "line": 104, "message": "PDF processing failed", "file_path": "pdfs/pdf7.pdf", "error": "'PDFProcessor' object has no attribute '_extract_text_and_metadata'"}
{"timestamp": "2024-10-23T16:34:05.470268", "level": "ERROR", "module": "Best", "function": "log_with_context", "line": 104, "message": "PDF processing failed", "file_path": "pdfs/pdf5.pdf", "error": "'PDFProcessor' object has no attribute '_extract_text_and_metadata'"}
{"timestamp": "2024-10-23T16:34:05.470380", "level": "ERROR", "module": "Best", "function": "log_with_context", "line": 104, "message": "PDF processing failed", "file_path": "pdfs/pdf3.pdf", "error": "'PDFProcessor' object has no attribute '_extract_text_and_metadata'"}
{"timestamp": "2024-10-23T16:34:05.470634", "level": "ERROR", "module": "Best", "function": "log_with_context", "line": 104, "message": "PDF processing failed", "file_path": "pdfs/pdf11.pdf", "error": "'PDFProcessor' object has no attribute '_extract_text_and_metadata'"}
{"timestamp": "2024-10-23T16:34:05.471021", "level": "INFO", "module": "Best", "function": "log_with_context", "line": 104, "message": "Starting to process PDF", "file_path": "pdfs/pdf2.pdf"}
{"timestamp": "2024-10-23T16:34:05.471376", "level": "INFO", "module": "Best", "function": "log_with_context", "line": 104, "message": "Starting to process PDF", "file_path": "pdfs/pdf4.pdf"}
{"timestamp": "2024-10-23T16:34:05.471489", "level": "INFO", "module": "Best", "function": "log_with_context", "line": 104, "message": "Starting to process PDF", "file_path": "pdfs/pdf8.pdf"}
{"timestamp": "2024-10-23T16:34:05.471551", "level": "INFO", "module": "Best", "function": "log_with_context", "line": 104, "message": "Starting to process PDF", "file_path": "pdfs/pdf15.pdf"}
{"timestamp": "2024-10-23T16:34:05.471664", "level": "ERROR", "module": "Best", "function": "log_with_context", "line": 104, "message": "PDF processing failed", "file_path": "pdfs/pdf2.pdf", "error": "'PDFProcessor' object has no attribute '_extract_text_and_metadata'"}
{"timestamp": "2024-10-23T16:34:05.471907", "level": "ERROR", "module": "Best", "function": "log_with_context", "line": 104, "message": "PDF processing failed", "file_path": "pdfs/pdf4.pdf", "error": "'PDFProcessor' object has no attribute '_extract_text_and_metadata'"}
{"timestamp": "2024-10-23T16:34:05.471950", "level": "ERROR", "module": "Best", "function": "log_with_context", "line": 104, "message": "PDF processing failed", "file_path": "pdfs/pdf8.pdf", "error": "'PDFProcessor' object has no attribute '_extract_text_and_metadata'"}
{"timestamp": "2024-10-23T16:34:05.472136", "level": "ERROR", "module": "Best", "function": "log_with_context", "line": 104, "message": "PDF processing failed", "file_path": "pdfs/pdf15.pdf", "error": "'PDFProcessor' object has no attribute '_extract_text_and_metadata'"}
{"timestamp": "2024-10-23T16:34:05.472612", "level": "INFO", "module": "Best", "function": "log_with_context", "line": 104, "message": "Starting to process PDF", "file_path": "pdfs/pdf16.pdf"}
{"timestamp": "2024-10-23T16:34:05.472748", "level": "INFO", "module": "Best", "function": "log_with_context", "line": 104, "message": "Starting to process PDF", "file_path": "pdfs/pdf18.pdf"}
{"timestamp": "2024-10-23T16:34:05.472946", "level": "INFO", "module": "Best", "function": "log_with_context", "line": 104, "message": "Starting to process PDF", "file_path": "pdfs/pdf9.pdf"}
{"timestamp": "2024-10-23T16:34:05.473137", "level": "INFO", "module": "Best", "function": "log_with_context", "line": 104, "message": "Starting to process PDF", "file_path": "pdfs/pdf1.pdf"}
{"timestamp": "2024-10-23T16:34:05.473226", "level": "ERROR", "module": "Best", "function": "log_with_context", "line": 104, "message": "PDF processing failed", "file_path": "pdfs/pdf16.pdf", "error": "'PDFProcessor' object has no attribute '_extract_text_and_metadata'"}
{"timestamp": "2024-10-23T16:34:05.473394", "level": "ERROR", "module": "Best", "function": "log_with_context", "line": 104, "message": "PDF processing failed", "file_path": "pdfs/pdf18.pdf", "error": "'PDFProcessor' object has no attribute '_extract_text_and_metadata'"}
{"timestamp": "2024-10-23T16:34:05.473614", "level": "ERROR", "module": "Best", "function": "log_with_context", "line": 104, "message": "PDF processing failed", "file_path": "pdfs/pdf9.pdf", "error": "'PDFProcessor' object has no attribute '_extract_text_and_metadata'"}
{"timestamp": "2024-10-23T16:34:05.473733", "level": "ERROR", "module": "Best", "function": "log_with_context", "line": 104, "message": "PDF processing failed", "file_path": "pdfs/pdf1.pdf", "error": "'PDFProcessor' object has no attribute '_extract_text_and_metadata'"}
{"timestamp": "2024-10-23T16:34:05.474081", "level": "INFO", "module": "Best", "function": "log_with_context", "line": 104, "message": "Starting to process PDF", "file_path": "pdfs/pdf12.pdf"}
{"timestamp": "2024-10-23T16:34:05.474466", "level": "ERROR", "module": "Best", "function": "log_with_context", "line": 104, "message": "PDF processing failed", "file_path": "pdfs/pdf12.pdf", "error": "'PDFProcessor' object has no attribute '_extract_text_and_metadata'"}
{"timestamp": "2024-10-23T16:34:05.474668", "level": "INFO", "module": "Best", "function": "log_with_context", "line": 104, "message": "Batch processing completed", "total_files": 17, "successful": 0, "failed": 17}
